2025-02-08 16:05:23 - INFO - 
=== Portfolio Performance Summary (samsung) ===
2025-02-08 16:05:23 - INFO - Initial Portfolio Value: 14,032,534.00
2025-02-08 16:05:23 - INFO - Final Portfolio Value: 10,508,132.43
2025-02-08 16:05:23 - INFO - Total Return: -25.12%
2025-02-08 16:11:39 - INFO - 
=== Portfolio Performance Summary (SK) ===
2025-02-08 16:11:39 - INFO - Initial Portfolio Value: 31,715,696.00
2025-02-08 16:11:39 - INFO - Final Portfolio Value: 120,147,286.57
2025-02-08 16:11:39 - INFO - Total Return: 278.83%
2025-02-08 16:17:42 - INFO - 
=== Portfolio Performance Summary (samsung_bio) ===
2025-02-08 16:17:42 - INFO - Initial Portfolio Value: 30,174,667.00
2025-02-08 16:17:42 - INFO - Final Portfolio Value: 196,126,721.87
2025-02-08 16:17:42 - INFO - Total Return: 549.97%
2025-02-08 16:23:26 - INFO - 
=== Portfolio Performance Summary (hyundai) ===
2025-02-08 16:23:26 - INFO - Initial Portfolio Value: 81,856,589.00
2025-02-08 16:23:26 - INFO - Final Portfolio Value: 92,971,042.00
2025-02-08 16:23:26 - INFO - Total Return: 13.58%
2025-02-08 16:29:51 - INFO - 
=== Portfolio Performance Summary (kia) ===
2025-02-08 16:29:51 - INFO - Initial Portfolio Value: 32,409,694.00
2025-02-08 16:29:51 - INFO - Final Portfolio Value: 67,100,194.97
2025-02-08 16:29:51 - INFO - Total Return: 107.04%
2025-02-08 16:36:19 - INFO - 
=== Portfolio Performance Summary (celltrion) ===
2025-02-08 16:36:19 - INFO - Initial Portfolio Value: 26,597,455.00
2025-02-08 16:36:19 - INFO - Final Portfolio Value: 89,960,806.43
2025-02-08 16:36:19 - INFO - Total Return: 238.23%
2025-02-08 16:42:10 - INFO - 
=== Portfolio Performance Summary (KB) ===
2025-02-08 16:42:10 - INFO - Initial Portfolio Value: 41,465,301.00
2025-02-08 16:42:10 - INFO - Final Portfolio Value: 93,852,203.40
2025-02-08 16:42:10 - INFO - Total Return: 126.34%
2025-02-08 16:49:18 - INFO - 
=== Portfolio Performance Summary (NAVER) ===
2025-02-08 16:49:18 - INFO - Initial Portfolio Value: 40,579,327.00
2025-02-08 16:49:18 - INFO - Final Portfolio Value: 57,607,443.79
2025-02-08 16:49:18 - INFO - Total Return: 41.96%
2025-02-08 16:55:42 - INFO - 
=== Portfolio Performance Summary (samsungcnt) ===
2025-02-08 16:55:42 - INFO - Initial Portfolio Value: 62,117,765.00
2025-02-08 16:55:42 - INFO - Final Portfolio Value: 46,059,580.79
2025-02-08 16:55:42 - INFO - Total Return: -25.85%
2025-02-08 16:59:46 - INFO - 
=== Training Metrics (Epoch 0) ===
2025-02-08 16:59:46 - INFO - Loss: 0.648738
2025-02-08 16:59:46 - INFO - Mean Return: 73.223778
2025-02-08 17:02:04 - INFO - 
=== Portfolio Performance Summary (samsung) ===
2025-02-08 17:02:04 - INFO - Initial Portfolio Value: 33,477,065.00
2025-02-08 17:02:04 - INFO - Final Portfolio Value: 24,246,989.23
2025-02-08 17:02:04 - INFO - Total Return: -27.57%
2025-02-08 17:08:28 - INFO - 
=== Portfolio Performance Summary (SK) ===
2025-02-08 17:08:28 - INFO - Initial Portfolio Value: 51,907,088.00
2025-02-08 17:08:28 - INFO - Final Portfolio Value: 181,160,499.34
2025-02-08 17:08:28 - INFO - Total Return: 249.01%
2025-02-08 17:14:39 - INFO - 
=== Portfolio Performance Summary (samsung_bio) ===
2025-02-08 17:14:39 - INFO - Initial Portfolio Value: 71,312,238.00
2025-02-08 17:14:39 - INFO - Final Portfolio Value: 461,305,457.05
2025-02-08 17:14:39 - INFO - Total Return: 546.88%
2025-02-08 17:20:17 - INFO - 
=== Portfolio Performance Summary (hyundai) ===
2025-02-08 17:20:17 - INFO - Initial Portfolio Value: 51,047,112.00
2025-02-08 17:20:17 - INFO - Final Portfolio Value: 50,707,957.19
2025-02-08 17:20:17 - INFO - Total Return: -0.66%
2025-02-08 17:26:39 - INFO - 
=== Portfolio Performance Summary (kia) ===
2025-02-08 17:26:39 - INFO - Initial Portfolio Value: 27,818,084.00
2025-02-08 17:26:39 - INFO - Final Portfolio Value: 55,767,306.04
2025-02-08 17:26:39 - INFO - Total Return: 100.47%
2025-02-08 17:32:43 - INFO - 
=== Portfolio Performance Summary (celltrion) ===
2025-02-08 17:32:43 - INFO - Initial Portfolio Value: 50,375,734.00
2025-02-08 17:32:43 - INFO - Final Portfolio Value: 166,765,944.79
2025-02-08 17:32:43 - INFO - Total Return: 231.04%
2025-02-08 17:38:33 - INFO - 
=== Portfolio Performance Summary (KB) ===
2025-02-08 17:38:33 - INFO - Initial Portfolio Value: 70,235,179.00
2025-02-08 17:38:33 - INFO - Final Portfolio Value: 162,292,241.57
2025-02-08 17:38:33 - INFO - Total Return: 131.07%
2025-02-08 17:43:24 - INFO - 
=== Portfolio Performance Summary (NAVER) ===
2025-02-08 17:43:24 - INFO - Initial Portfolio Value: 72,907,686.00
2025-02-08 17:43:24 - INFO - Final Portfolio Value: 124,363,981.25
2025-02-08 17:43:24 - INFO - Total Return: 70.58%
2025-02-08 17:47:27 - INFO - 
=== Portfolio Performance Summary (samsungcnt) ===
2025-02-08 17:47:27 - INFO - Initial Portfolio Value: 61,724,350.00
2025-02-08 17:47:27 - INFO - Final Portfolio Value: 35,365,454.82
2025-02-08 17:47:27 - INFO - Total Return: -42.70%
2025-02-08 17:48:13 - INFO - 
=== Training Metrics (Epoch 1) ===
2025-02-08 17:48:13 - INFO - Loss: 0.539571
2025-02-08 17:48:13 - INFO - Mean Return: 70.594124
2025-02-08 17:48:43 - INFO - 
=== Portfolio Performance Summary (samsung) ===
2025-02-08 17:48:43 - INFO - Initial Portfolio Value: 87,596,920.00
2025-02-08 17:48:43 - INFO - Final Portfolio Value: 51,066,293.74
2025-02-08 17:48:43 - INFO - Total Return: -41.70%
2025-02-08 17:50:00 - INFO - 
=== Portfolio Performance Summary (SK) ===
2025-02-08 17:50:00 - INFO - Initial Portfolio Value: 53,872,403.00
2025-02-08 17:50:00 - INFO - Final Portfolio Value: 193,361,514.17
2025-02-08 17:50:00 - INFO - Total Return: 258.92%
2025-02-08 17:51:26 - INFO - 
=== Portfolio Performance Summary (samsung_bio) ===
2025-02-08 17:51:26 - INFO - Initial Portfolio Value: 22,708,082.00
2025-02-08 17:51:26 - INFO - Final Portfolio Value: 114,607,008.30
2025-02-08 17:51:26 - INFO - Total Return: 404.70%
2025-02-08 17:52:48 - INFO - 
=== Portfolio Performance Summary (hyundai) ===
2025-02-08 17:52:48 - INFO - Initial Portfolio Value: 72,180,412.00
2025-02-08 17:52:48 - INFO - Final Portfolio Value: 58,632,967.95
2025-02-08 17:52:48 - INFO - Total Return: -18.77%
2025-02-08 17:54:21 - INFO - 
=== Portfolio Performance Summary (kia) ===
2025-02-08 17:54:21 - INFO - Initial Portfolio Value: 84,539,575.00
2025-02-08 17:54:21 - INFO - Final Portfolio Value: 76,952,141.15
2025-02-08 17:54:21 - INFO - Total Return: -8.98%
2025-02-08 17:55:53 - INFO - 
=== Portfolio Performance Summary (celltrion) ===
2025-02-08 17:55:53 - INFO - Initial Portfolio Value: 82,119,757.00
2025-02-08 17:55:53 - INFO - Final Portfolio Value: 104,475,243.33
2025-02-08 17:55:53 - INFO - Total Return: 27.22%
2025-02-08 17:57:16 - INFO - 
=== Portfolio Performance Summary (KB) ===
2025-02-08 17:57:16 - INFO - Initial Portfolio Value: 81,649,626.00
2025-02-08 17:57:16 - INFO - Final Portfolio Value: 77,283,660.42
2025-02-08 17:57:16 - INFO - Total Return: -5.35%
2025-02-08 17:58:32 - INFO - 
=== Portfolio Performance Summary (NAVER) ===
2025-02-08 17:58:32 - INFO - Initial Portfolio Value: 69,701,236.00
2025-02-08 17:58:32 - INFO - Final Portfolio Value: 84,492,734.12
2025-02-08 17:58:32 - INFO - Total Return: 21.22%
2025-02-08 17:59:49 - INFO - 
=== Portfolio Performance Summary (samsungcnt) ===
2025-02-08 17:59:49 - INFO - Initial Portfolio Value: 54,356,397.00
2025-02-08 17:59:49 - INFO - Final Portfolio Value: 58,330,089.93
2025-02-08 17:59:49 - INFO - Total Return: 7.31%
2025-02-08 18:00:35 - INFO - 
=== Training Metrics (Epoch 2) ===
2025-02-08 18:00:35 - INFO - Loss: 0.460217
2025-02-08 18:00:35 - INFO - Mean Return: 36.168245
2025-02-08 18:01:05 - INFO - 
=== Portfolio Performance Summary (samsung) ===
2025-02-08 18:01:05 - INFO - Initial Portfolio Value: 24,287,833.00
2025-02-08 18:01:05 - INFO - Final Portfolio Value: 19,343,703.99
2025-02-08 18:01:05 - INFO - Total Return: -20.36%
2025-02-08 18:02:21 - INFO - 
=== Portfolio Performance Summary (SK) ===
2025-02-08 18:02:21 - INFO - Initial Portfolio Value: 22,337,510.00
2025-02-08 18:02:21 - INFO - Final Portfolio Value: 38,377,892.51
2025-02-08 18:02:21 - INFO - Total Return: 71.81%
2025-02-08 18:03:32 - INFO - 
=== Portfolio Performance Summary (samsung_bio) ===
2025-02-08 18:03:32 - INFO - Initial Portfolio Value: 57,291,430.00
2025-02-08 18:03:32 - INFO - Final Portfolio Value: 193,039,423.16
2025-02-08 18:03:32 - INFO - Total Return: 236.94%
2025-02-08 18:04:40 - INFO - 
=== Portfolio Performance Summary (hyundai) ===
2025-02-08 18:04:40 - INFO - Initial Portfolio Value: 39,655,149.00
2025-02-08 18:04:40 - INFO - Final Portfolio Value: 37,181,393.52
2025-02-08 18:04:40 - INFO - Total Return: -6.24%
2025-02-08 18:05:56 - INFO - 
=== Portfolio Performance Summary (kia) ===
2025-02-08 18:05:56 - INFO - Initial Portfolio Value: 44,121,529.00
2025-02-08 18:05:56 - INFO - Final Portfolio Value: 53,813,110.17
2025-02-08 18:05:56 - INFO - Total Return: 21.97%
2025-02-08 18:07:13 - INFO - 
=== Portfolio Performance Summary (celltrion) ===
2025-02-08 18:07:13 - INFO - Initial Portfolio Value: 39,404,509.00
2025-02-08 18:07:13 - INFO - Final Portfolio Value: 112,150,654.48
2025-02-08 18:07:13 - INFO - Total Return: 184.61%
2025-02-08 18:08:30 - INFO - 
=== Portfolio Performance Summary (KB) ===
2025-02-08 18:08:30 - INFO - Initial Portfolio Value: 92,599,835.00
2025-02-08 18:08:30 - INFO - Final Portfolio Value: 213,824,384.24
2025-02-08 18:08:30 - INFO - Total Return: 130.91%
2025-02-08 18:09:47 - INFO - 
=== Portfolio Performance Summary (NAVER) ===
2025-02-08 18:09:47 - INFO - Initial Portfolio Value: 79,539,032.00
2025-02-08 18:09:47 - INFO - Final Portfolio Value: 102,863,677.60
2025-02-08 18:09:47 - INFO - Total Return: 29.32%
2025-02-08 18:11:03 - INFO - 
=== Portfolio Performance Summary (samsungcnt) ===
2025-02-08 18:11:03 - INFO - Initial Portfolio Value: 58,879,756.00
2025-02-08 18:11:03 - INFO - Final Portfolio Value: 52,819,125.23
2025-02-08 18:11:03 - INFO - Total Return: -10.29%
2025-02-08 18:11:50 - INFO - 
=== Training Metrics (Epoch 3) ===
2025-02-08 18:11:50 - INFO - Loss: 0.518057
2025-02-08 18:11:50 - INFO - Mean Return: 35.837088
2025-02-08 18:12:20 - INFO - 
=== Portfolio Performance Summary (samsung) ===
2025-02-08 18:12:20 - INFO - Initial Portfolio Value: 45,607,223.00
2025-02-08 18:12:20 - INFO - Final Portfolio Value: 38,247,638.65
2025-02-08 18:12:20 - INFO - Total Return: -16.14%
2025-02-08 18:13:37 - INFO - 
=== Portfolio Performance Summary (SK) ===
2025-02-08 18:13:37 - INFO - Initial Portfolio Value: 22,207,104.00
2025-02-08 18:13:37 - INFO - Final Portfolio Value: 40,371,565.65
2025-02-08 18:13:37 - INFO - Total Return: 81.80%
2025-02-08 18:14:48 - INFO - 
=== Portfolio Performance Summary (samsung_bio) ===
2025-02-08 18:14:48 - INFO - Initial Portfolio Value: 26,348,591.00
2025-02-08 18:14:48 - INFO - Final Portfolio Value: 62,875,792.77
2025-02-08 18:14:48 - INFO - Total Return: 138.63%
2025-02-08 18:16:13 - INFO - 
=== Portfolio Performance Summary (hyundai) ===
2025-02-08 18:16:13 - INFO - Initial Portfolio Value: 17,149,210.00
2025-02-08 18:16:13 - INFO - Final Portfolio Value: 17,285,341.57
2025-02-08 18:16:13 - INFO - Total Return: 0.79%
2025-02-08 18:18:35 - INFO - 
=== Portfolio Performance Summary (kia) ===
2025-02-08 18:18:35 - INFO - Initial Portfolio Value: 93,247,739.00
2025-02-08 18:18:35 - INFO - Final Portfolio Value: 113,875,019.15
2025-02-08 18:18:35 - INFO - Total Return: 22.12%
2025-02-08 18:20:58 - INFO - 
=== Portfolio Performance Summary (celltrion) ===
2025-02-08 18:20:58 - INFO - Initial Portfolio Value: 73,854,736.00
2025-02-08 18:20:58 - INFO - Final Portfolio Value: 105,764,891.25
2025-02-08 18:20:58 - INFO - Total Return: 43.21%
2025-02-08 18:23:19 - INFO - 
=== Portfolio Performance Summary (KB) ===
2025-02-08 18:23:19 - INFO - Initial Portfolio Value: 23,170,702.00
2025-02-08 18:23:19 - INFO - Final Portfolio Value: 30,726,616.22
2025-02-08 18:23:19 - INFO - Total Return: 32.61%
2025-02-08 18:25:48 - INFO - 
=== Portfolio Performance Summary (NAVER) ===
2025-02-08 18:25:48 - INFO - Initial Portfolio Value: 26,804,487.00
2025-02-08 18:25:48 - INFO - Final Portfolio Value: 33,566,275.93
2025-02-08 18:25:48 - INFO - Total Return: 25.23%
2025-02-08 18:28:08 - INFO - 
=== Portfolio Performance Summary (samsungcnt) ===
2025-02-08 18:28:08 - INFO - Initial Portfolio Value: 55,700,838.00
2025-02-08 18:28:08 - INFO - Final Portfolio Value: 53,921,817.40
2025-02-08 18:28:08 - INFO - Total Return: -3.19%
2025-02-08 18:29:38 - INFO - 
=== Training Metrics (Epoch 4) ===
2025-02-08 18:29:38 - INFO - Loss: 0.514138
2025-02-08 18:29:38 - INFO - Mean Return: 18.239087
2025-02-08 18:30:29 - INFO - 
=== Portfolio Performance Summary (samsung) ===
2025-02-08 18:30:29 - INFO - Initial Portfolio Value: 94,604,143.00
2025-02-08 18:30:29 - INFO - Final Portfolio Value: 87,993,288.95
2025-02-08 18:30:29 - INFO - Total Return: -6.99%
2025-02-08 18:32:51 - INFO - 
=== Portfolio Performance Summary (SK) ===
2025-02-08 18:32:51 - INFO - Initial Portfolio Value: 32,159,151.00
2025-02-08 18:32:51 - INFO - Final Portfolio Value: 47,856,031.40
2025-02-08 18:32:51 - INFO - Total Return: 48.81%
2025-02-08 18:35:02 - INFO - 
=== Portfolio Performance Summary (samsung_bio) ===
2025-02-08 18:35:02 - INFO - Initial Portfolio Value: 34,817,570.00
2025-02-08 18:35:02 - INFO - Final Portfolio Value: 66,585,931.95
2025-02-08 18:35:02 - INFO - Total Return: 91.24%
2025-02-08 18:37:06 - INFO - 
=== Portfolio Performance Summary (hyundai) ===
2025-02-08 18:37:06 - INFO - Initial Portfolio Value: 56,098,936.00
2025-02-08 18:37:06 - INFO - Final Portfolio Value: 58,133,627.24
2025-02-08 18:37:06 - INFO - Total Return: 3.63%
2025-02-08 18:39:26 - INFO - 
=== Portfolio Performance Summary (kia) ===
2025-02-08 18:39:26 - INFO - Initial Portfolio Value: 68,543,248.00
2025-02-08 18:39:26 - INFO - Final Portfolio Value: 82,002,673.00
2025-02-08 18:39:26 - INFO - Total Return: 19.64%
2025-02-08 18:41:46 - INFO - 
=== Portfolio Performance Summary (celltrion) ===
2025-02-08 18:41:46 - INFO - Initial Portfolio Value: 13,200,601.00
2025-02-08 18:41:46 - INFO - Final Portfolio Value: 20,614,892.13
2025-02-08 18:41:46 - INFO - Total Return: 56.17%
2025-02-08 18:44:07 - INFO - 
=== Portfolio Performance Summary (KB) ===
2025-02-08 18:44:07 - INFO - Initial Portfolio Value: 62,480,535.00
2025-02-08 18:44:07 - INFO - Final Portfolio Value: 77,369,777.24
2025-02-08 18:44:07 - INFO - Total Return: 23.83%
2025-02-08 18:46:28 - INFO - 
=== Portfolio Performance Summary (NAVER) ===
2025-02-08 18:46:28 - INFO - Initial Portfolio Value: 86,790,637.00
2025-02-08 18:46:28 - INFO - Final Portfolio Value: 104,327,507.84
2025-02-08 18:46:28 - INFO - Total Return: 20.21%
2025-02-08 18:48:47 - INFO - 
=== Portfolio Performance Summary (samsungcnt) ===
2025-02-08 18:48:47 - INFO - Initial Portfolio Value: 12,950,260.00
2025-02-08 18:48:47 - INFO - Final Portfolio Value: 12,523,545.92
2025-02-08 18:48:47 - INFO - Total Return: -3.30%
2025-02-08 18:50:15 - INFO - 
=== Training Metrics (Epoch 5) ===
2025-02-08 18:50:15 - INFO - Loss: 0.514888
2025-02-08 18:50:15 - INFO - Mean Return: 14.209310
2025-02-08 18:51:08 - INFO - 
=== Portfolio Performance Summary (samsung) ===
2025-02-08 18:51:08 - INFO - Initial Portfolio Value: 23,843,339.00
2025-02-08 18:51:08 - INFO - Final Portfolio Value: 22,783,762.49
2025-02-08 18:51:08 - INFO - Total Return: -4.44%
2025-02-08 18:53:28 - INFO - 
=== Portfolio Performance Summary (SK) ===
2025-02-08 18:53:28 - INFO - Initial Portfolio Value: 48,000,933.00
2025-02-08 18:53:28 - INFO - Final Portfolio Value: 70,159,223.16
2025-02-08 18:53:28 - INFO - Total Return: 46.16%
2025-02-08 18:55:36 - INFO - 
=== Portfolio Performance Summary (samsung_bio) ===
2025-02-08 18:55:36 - INFO - Initial Portfolio Value: 28,129,055.00
2025-02-08 18:55:36 - INFO - Final Portfolio Value: 53,986,223.68
2025-02-08 18:55:36 - INFO - Total Return: 91.92%
2025-02-08 18:57:42 - INFO - 
=== Portfolio Performance Summary (hyundai) ===
2025-02-08 18:57:42 - INFO - Initial Portfolio Value: 33,142,044.00
2025-02-08 18:57:42 - INFO - Final Portfolio Value: 37,995,971.87
2025-02-08 18:57:42 - INFO - Total Return: 14.65%
2025-02-08 19:00:00 - INFO - 
=== Portfolio Performance Summary (kia) ===
2025-02-08 19:00:00 - INFO - Initial Portfolio Value: 18,734,768.00
2025-02-08 19:00:00 - INFO - Final Portfolio Value: 29,632,047.47
2025-02-08 19:00:00 - INFO - Total Return: 58.17%
2025-02-08 19:02:18 - INFO - 
=== Portfolio Performance Summary (celltrion) ===
2025-02-08 19:02:18 - INFO - Initial Portfolio Value: 22,216,878.00
2025-02-08 19:02:18 - INFO - Final Portfolio Value: 38,956,132.50
2025-02-08 19:02:18 - INFO - Total Return: 75.34%
2025-02-08 19:04:41 - INFO - 
=== Portfolio Performance Summary (KB) ===
2025-02-08 19:04:41 - INFO - Initial Portfolio Value: 86,919,500.00
2025-02-08 19:04:41 - INFO - Final Portfolio Value: 142,001,660.00
2025-02-08 19:04:41 - INFO - Total Return: 63.37%
2025-02-08 19:06:57 - INFO - 
=== Portfolio Performance Summary (NAVER) ===
2025-02-08 19:06:57 - INFO - Initial Portfolio Value: 48,917,046.00
2025-02-08 19:06:57 - INFO - Final Portfolio Value: 75,243,019.67
2025-02-08 19:06:57 - INFO - Total Return: 53.82%
2025-02-08 19:09:16 - INFO - 
=== Portfolio Performance Summary (samsungcnt) ===
2025-02-08 19:09:16 - INFO - Initial Portfolio Value: 89,664,648.00
2025-02-08 19:09:16 - INFO - Final Portfolio Value: 76,230,859.40
2025-02-08 19:09:16 - INFO - Total Return: -14.98%
2025-02-08 19:10:47 - INFO - 
=== Training Metrics (Epoch 6) ===
2025-02-08 19:10:47 - INFO - Loss: 0.511942
2025-02-08 19:10:47 - INFO - Mean Return: 21.546953
2025-02-08 19:11:37 - INFO - 
=== Portfolio Performance Summary (samsung) ===
2025-02-08 19:11:37 - INFO - Initial Portfolio Value: 43,998,833.00
2025-02-08 19:11:37 - INFO - Final Portfolio Value: 37,397,226.70
2025-02-08 19:11:37 - INFO - Total Return: -15.00%
2025-02-08 19:13:54 - INFO - 
=== Portfolio Performance Summary (SK) ===
2025-02-08 19:13:54 - INFO - Initial Portfolio Value: 46,297,544.00
2025-02-08 19:13:54 - INFO - Final Portfolio Value: 163,788,202.77
2025-02-08 19:13:54 - INFO - Total Return: 253.77%
2025-02-08 19:16:04 - INFO - 
=== Portfolio Performance Summary (samsung_bio) ===
2025-02-08 19:16:04 - INFO - Initial Portfolio Value: 79,889,919.00
2025-02-08 19:16:04 - INFO - Final Portfolio Value: 352,637,801.70
2025-02-08 19:16:04 - INFO - Total Return: 341.40%
2025-02-08 19:18:05 - INFO - 
=== Portfolio Performance Summary (hyundai) ===
2025-02-08 19:18:05 - INFO - Initial Portfolio Value: 99,930,441.00
2025-02-08 19:18:05 - INFO - Final Portfolio Value: 123,457,590.36
2025-02-08 19:18:05 - INFO - Total Return: 23.54%
2025-02-08 19:20:29 - INFO - 
=== Portfolio Performance Summary (kia) ===
2025-02-08 19:20:29 - INFO - Initial Portfolio Value: 51,078,584.00
2025-02-08 19:20:29 - INFO - Final Portfolio Value: 90,136,287.41
2025-02-08 19:20:29 - INFO - Total Return: 76.47%
2025-02-08 19:22:53 - INFO - 
=== Portfolio Performance Summary (celltrion) ===
2025-02-08 19:22:53 - INFO - Initial Portfolio Value: 84,375,410.00
2025-02-08 19:22:53 - INFO - Final Portfolio Value: 187,261,617.58
2025-02-08 19:22:53 - INFO - Total Return: 121.94%
2025-02-08 19:25:15 - INFO - 
=== Portfolio Performance Summary (KB) ===
2025-02-08 19:25:15 - INFO - Initial Portfolio Value: 30,143,570.00
2025-02-08 19:25:15 - INFO - Final Portfolio Value: 48,779,759.14
2025-02-08 19:25:15 - INFO - Total Return: 61.82%
2025-02-08 19:27:37 - INFO - 
=== Portfolio Performance Summary (NAVER) ===
2025-02-08 19:27:37 - INFO - Initial Portfolio Value: 84,799,016.00
2025-02-08 19:27:37 - INFO - Final Portfolio Value: 138,712,049.21
2025-02-08 19:27:37 - INFO - Total Return: 63.58%
2025-02-08 19:29:59 - INFO - 
=== Portfolio Performance Summary (samsungcnt) ===
2025-02-08 19:29:59 - INFO - Initial Portfolio Value: 19,231,553.00
2025-02-08 19:29:59 - INFO - Final Portfolio Value: 16,560,255.55
2025-02-08 19:29:59 - INFO - Total Return: -13.89%
2025-02-08 19:31:27 - INFO - 
=== Training Metrics (Epoch 7) ===
2025-02-08 19:31:27 - INFO - Loss: 0.373556
2025-02-08 19:31:27 - INFO - Mean Return: 51.264998
2025-02-08 19:32:16 - INFO - 
=== Portfolio Performance Summary (samsung) ===
2025-02-08 19:32:16 - INFO - Initial Portfolio Value: 19,570,173.00
2025-02-08 19:32:16 - INFO - Final Portfolio Value: 17,938,941.45
2025-02-08 19:32:16 - INFO - Total Return: -8.34%
2025-02-08 19:34:36 - INFO - 
=== Portfolio Performance Summary (SK) ===
2025-02-08 19:34:36 - INFO - Initial Portfolio Value: 67,014,128.00
2025-02-08 19:34:36 - INFO - Final Portfolio Value: 157,774,978.49
2025-02-08 19:34:36 - INFO - Total Return: 135.44%
2025-02-08 19:36:44 - INFO - 
=== Portfolio Performance Summary (samsung_bio) ===
2025-02-08 19:36:44 - INFO - Initial Portfolio Value: 10,564,726.00
2025-02-08 19:36:44 - INFO - Final Portfolio Value: 31,541,518.78
2025-02-08 19:36:44 - INFO - Total Return: 198.56%
2025-02-08 19:38:45 - INFO - 
=== Portfolio Performance Summary (hyundai) ===
2025-02-08 19:38:45 - INFO - Initial Portfolio Value: 42,205,910.00
2025-02-08 19:38:45 - INFO - Final Portfolio Value: 52,106,849.26
2025-02-08 19:38:45 - INFO - Total Return: 23.46%
